<?xml version="1.0" encoding="UTF-8"?>
<testng-results ignored="0" total="1" passed="1" failed="0" skipped="0">
  <reporter-output>
  </reporter-output>
  <suite started-at="2020-12-25T21:06:09 GMT" name="InetBanking" finished-at="2020-12-25T21:06:23 GMT" duration-ms="13610">
    <groups>
    </groups>
    <test started-at="2020-12-25T21:06:09 GMT" name="BankingApp Test" finished-at="2020-12-25T21:06:23 GMT" duration-ms="13610">
      <class name="com.inetBanking.testCases.TC_LoginTest_001">
        <test-method is-config="true" signature="setup()[pri:0, instance:com.inetBanking.testCases.TC_LoginTest_001@6b0c2d26]" started-at="2020-12-25T21:06:10 GMT" name="setup" finished-at="2020-12-25T21:06:15 GMT" duration-ms="4937" status="PASS">
          <reporter-output>
          </reporter-output>
        </test-method> <!-- setup -->
        <test-method signature="loginTest()[pri:0, instance:com.inetBanking.testCases.TC_LoginTest_001@6b0c2d26]" started-at="2020-12-25T21:06:15 GMT" name="loginTest" finished-at="2020-12-25T21:06:22 GMT" duration-ms="7785" status="PASS">
          <reporter-output>
          </reporter-output>
        </test-method> <!-- loginTest -->
        <test-method is-config="true" signature="tearDown()[pri:0, instance:com.inetBanking.testCases.TC_LoginTest_001@6b0c2d26]" started-at="2020-12-25T21:06:22 GMT" name="tearDown" finished-at="2020-12-25T21:06:23 GMT" duration-ms="419" status="PASS">
          <reporter-output>
          </reporter-output>
        </test-method> <!-- tearDown -->
      </class> <!-- com.inetBanking.testCases.TC_LoginTest_001 -->
    </test> <!-- BankingApp Test -->
  </suite> <!-- InetBanking -->
</testng-results>
